<?xml version="1.0" encoding="UTF-8"?>
<!-- Generated by org.testng.reporters.JUnitReportReporter -->
<testsuite hostname="DESKTOP-LNUQ5F6" name="com.test.webPages.AutocompleteTest" tests="5" failures="0" timestamp="29 Jan 2019 03:11:39 GMT" time="92.732" errors="0">
  <testcase name="searchBoxTest" time="23.429" classname="com.test.webPages.AutocompleteTest"/>
  <testcase name="searchBoxTest" time="13.939" classname="com.test.webPages.AutocompleteTest"/>
  <testcase name="searchBoxTest" time="16.708" classname="com.test.webPages.AutocompleteTest"/>
  <testcase name="searchBoxTest" time="18.749" classname="com.test.webPages.AutocompleteTest"/>
  <testcase name="searchBoxTest" time="19.907" classname="com.test.webPages.AutocompleteTest"/>
</testsuite> <!-- com.test.webPages.AutocompleteTest -->
