<?xml version="1.0" encoding="UTF-8"?>
<!-- Generated by org.testng.reporters.JUnitReportReporter -->
<testsuite name="com.manjula.HomePage" tests="2" time="62.947" ignored="0" failures="0" timestamp="17 Sep 2018 01:42:36 GMT" skipped="0" hostname="DESKTOP-LNUQ5F6" errors="0">
  <testcase name="basePageNavigation" time="22.751" classname="com.manjula.HomePage"/>
  <testcase name="basePageNavigation" time="40.196" classname="com.manjula.HomePage"/>
</testsuite> <!-- com.manjula.HomePage -->
