<?xml version="1.0" encoding="UTF-8"?>
<!-- Generated by org.testng.reporters.JUnitReportReporter -->
<testsuite hostname="DESKTOP-LNUQ5F6" name="com.test.webPages.AutocompleteTest" tests="1" failures="0" timestamp="27 Jan 2019 06:07:55 GMT" time="13.483" errors="0">
  <testcase name="rightClickTest" time="13.483" classname="com.test.webPages.AutocompleteTest"/>
</testsuite> <!-- com.test.webPages.AutocompleteTest -->
