<?xml version="1.0" encoding="UTF-8"?>
<!-- Generated by org.testng.reporters.JUnitReportReporter -->
<testsuite name="com.manjula.validateSubjects" tests="1" time="21.054" ignored="0" failures="0" timestamp="17 Sep 2018 01:42:36 GMT" skipped="0" hostname="DESKTOP-LNUQ5F6" errors="0">
  <testcase name="basePageNavigation" time="21.054" classname="com.manjula.validateSubjects"/>
</testsuite> <!-- com.manjula.validateSubjects -->
