<?xml version="1.0" encoding="UTF-8"?>
<!-- Generated by org.testng.reporters.JUnitReportReporter -->
<testsuite hostname="DESKTOP-LNUQ5F6" name="com.test.webPages.HomePage" tests="2" failures="0" timestamp="26 Jan 2019 02:40:48 GMT" time="35.429" errors="0">
  <testcase name="basePageNavigation" time="16.770" classname="com.test.webPages.HomePage"/>
  <testcase name="basePageNavigation" time="18.659" classname="com.test.webPages.HomePage"/>
</testsuite> <!-- com.test.webPages.HomePage -->
